[2024-11-29 13:08:31.704] [info] Updating Model file from 30000 to latest format...
[2024-11-29 13:08:31.762] [info] Loaded model subject1 from file C:\Users\eriks\Documents\Projects\MRS_multifibre\Examples\Walking_DeGrooteetal2016\WalkingData\subject1.osim
[2024-11-29 13:08:31.763] [warning] Couldn't find file 'treadmill.vtp'.
[2024-11-29 13:08:31.763] [warning] Couldn't find file 'sacrum.vtp'.
[2024-11-29 13:08:31.763] [warning] Couldn't find file 'pelvis.vtp'.
[2024-11-29 13:08:31.763] [warning] Couldn't find file 'l_pelvis.vtp'.
[2024-11-29 13:08:31.763] [warning] Couldn't find file 'femur.vtp'.
[2024-11-29 13:08:31.763] [warning] Couldn't find file 'tibia.vtp'.
[2024-11-29 13:08:31.764] [warning] Couldn't find file 'fibula.vtp'.
[2024-11-29 13:08:31.764] [warning] Couldn't find file 'talus.vtp'.
[2024-11-29 13:08:31.764] [warning] Couldn't find file 'foot.vtp'.
[2024-11-29 13:08:31.764] [warning] Couldn't find file 'bofoot.vtp'.
[2024-11-29 13:08:31.764] [warning] Couldn't find file 'l_femur.vtp'.
[2024-11-29 13:08:31.764] [warning] Couldn't find file 'l_tibia.vtp'.
[2024-11-29 13:08:31.765] [warning] Couldn't find file 'l_fibula.vtp'.
[2024-11-29 13:08:31.765] [warning] Couldn't find file 'l_talus.vtp'.
[2024-11-29 13:08:31.765] [warning] Couldn't find file 'l_foot.vtp'.
[2024-11-29 13:08:31.765] [warning] Couldn't find file 'l_bofoot.vtp'.
[2024-11-29 13:08:31.765] [warning] Couldn't find file 'hat_spine.vtp'.
[2024-11-29 13:08:31.765] [warning] Couldn't find file 'hat_jaw.vtp'.
[2024-11-29 13:08:31.765] [warning] Couldn't find file 'hat_skull.vtp'.
[2024-11-29 13:08:31.765] [warning] Couldn't find file 'hat_ribs.vtp'.
[2024-11-29 13:08:31.766] [info] ControllerSet 'Controllers' was renamed and is being reset to 'controllerset'.
[2024-11-29 13:08:31.768] [info] ComponentSet 'MiscComponents' was renamed and is being reset to 'componentset'.
[2024-11-29 13:08:32.064] [info] Updating Model file from 30000 to latest format...
[2024-11-29 13:08:32.115] [info] Loaded model subject1 from file C:\Users\eriks\Documents\Projects\MRS_multifibre\Examples\Walking_DeGrooteetal2016\WalkingData\subject1.osim
[2024-11-29 13:08:32.116] [warning] Couldn't find file 'treadmill.vtp'.
[2024-11-29 13:08:32.116] [warning] Couldn't find file 'sacrum.vtp'.
[2024-11-29 13:08:32.116] [warning] Couldn't find file 'pelvis.vtp'.
[2024-11-29 13:08:32.116] [warning] Couldn't find file 'l_pelvis.vtp'.
[2024-11-29 13:08:32.116] [warning] Couldn't find file 'femur.vtp'.
[2024-11-29 13:08:32.117] [warning] Couldn't find file 'tibia.vtp'.
[2024-11-29 13:08:32.117] [warning] Couldn't find file 'fibula.vtp'.
[2024-11-29 13:08:32.117] [warning] Couldn't find file 'talus.vtp'.
[2024-11-29 13:08:32.117] [warning] Couldn't find file 'foot.vtp'.
[2024-11-29 13:08:32.117] [warning] Couldn't find file 'bofoot.vtp'.
[2024-11-29 13:08:32.117] [warning] Couldn't find file 'l_femur.vtp'.
[2024-11-29 13:08:32.117] [warning] Couldn't find file 'l_tibia.vtp'.
[2024-11-29 13:08:32.117] [warning] Couldn't find file 'l_fibula.vtp'.
[2024-11-29 13:08:32.117] [warning] Couldn't find file 'l_talus.vtp'.
[2024-11-29 13:08:32.118] [warning] Couldn't find file 'l_foot.vtp'.
[2024-11-29 13:08:32.118] [warning] Couldn't find file 'l_bofoot.vtp'.
[2024-11-29 13:08:32.118] [warning] Couldn't find file 'hat_spine.vtp'.
[2024-11-29 13:08:32.118] [warning] Couldn't find file 'hat_jaw.vtp'.
[2024-11-29 13:08:32.118] [warning] Couldn't find file 'hat_skull.vtp'.
[2024-11-29 13:08:32.118] [warning] Couldn't find file 'hat_ribs.vtp'.
[2024-11-29 13:08:32.118] [info] ControllerSet 'Controllers' was renamed and is being reset to 'controllerset'.
[2024-11-29 13:08:32.121] [info] ComponentSet 'MiscComponents' was renamed and is being reset to 'componentset'.
[2024-11-29 13:08:32.152] [info] AbstractTool Walking_IK loading model C:\Users\eriks\Documents\Projects\MRS_multifibre\Examples\Walking_DeGrooteetal2016\WalkingData\subject1.osim
[2024-11-29 13:08:32.169] [info] Updating Model file from 30000 to latest format...
[2024-11-29 13:08:32.221] [info] Loaded model subject1 from file C:\Users\eriks\Documents\Projects\MRS_multifibre\Examples\Walking_DeGrooteetal2016\WalkingData\subject1.osim
[2024-11-29 13:08:32.221] [warning] Couldn't find file 'treadmill.vtp'.
[2024-11-29 13:08:32.222] [warning] Couldn't find file 'sacrum.vtp'.
[2024-11-29 13:08:32.222] [warning] Couldn't find file 'pelvis.vtp'.
[2024-11-29 13:08:32.222] [warning] Couldn't find file 'l_pelvis.vtp'.
[2024-11-29 13:08:32.222] [warning] Couldn't find file 'femur.vtp'.
[2024-11-29 13:08:32.222] [warning] Couldn't find file 'tibia.vtp'.
[2024-11-29 13:08:32.222] [warning] Couldn't find file 'fibula.vtp'.
[2024-11-29 13:08:32.222] [warning] Couldn't find file 'talus.vtp'.
[2024-11-29 13:08:32.222] [warning] Couldn't find file 'foot.vtp'.
[2024-11-29 13:08:32.223] [warning] Couldn't find file 'bofoot.vtp'.
[2024-11-29 13:08:32.223] [warning] Couldn't find file 'l_femur.vtp'.
[2024-11-29 13:08:32.223] [warning] Couldn't find file 'l_tibia.vtp'.
[2024-11-29 13:08:32.223] [warning] Couldn't find file 'l_fibula.vtp'.
[2024-11-29 13:08:32.223] [warning] Couldn't find file 'l_talus.vtp'.
[2024-11-29 13:08:32.223] [warning] Couldn't find file 'l_foot.vtp'.
[2024-11-29 13:08:32.223] [warning] Couldn't find file 'l_bofoot.vtp'.
[2024-11-29 13:08:32.223] [warning] Couldn't find file 'hat_spine.vtp'.
[2024-11-29 13:08:32.223] [warning] Couldn't find file 'hat_jaw.vtp'.
[2024-11-29 13:08:32.224] [warning] Couldn't find file 'hat_skull.vtp'.
[2024-11-29 13:08:32.224] [warning] Couldn't find file 'hat_ribs.vtp'.
[2024-11-29 13:08:32.224] [info] ControllerSet 'Controllers' was renamed and is being reset to 'controllerset'.
[2024-11-29 13:08:32.226] [info] ComponentSet 'MiscComponents' was renamed and is being reset to 'componentset'.
[2024-11-29 13:08:32.233] [info] No external loads will be applied (external loads file not specified).
[2024-11-29 13:08:32.267] [info] Loading coordinates from file 'C:\Users\eriks\Documents\Projects\MRS_multifibre\Examples\Walking_DeGrooteetal2016\WalkingData\Walking_IK.mot'.
[2024-11-29 13:08:32.267] [info] Storage: read data file = C:\Users\eriks\Documents\Projects\MRS_multifibre\Examples\Walking_DeGrooteetal2016\WalkingData\Walking_IK.mot (nr=121 nc=24)
[2024-11-29 13:08:32.310] [info] Found 121 state vectors with time stamps ranging from 0.5 to 2.5.
[2024-11-29 13:08:32.310] [info] Executing the analyses from 0.516667 to 1.95...
[2024-11-29 13:08:35.501] [info] Printing results of investigation Walking_IK to C:\Users\eriks\Documents\Projects\MRS_multifibre\Examples\Walking_DeGrooteetal2016\Results\MuscleAnalysis
[2024-11-29 13:11:57.866] [info] Updating Model file from 30000 to latest format...
[2024-11-29 13:11:57.922] [info] Loaded model subject1 from file C:\Users\eriks\Documents\Projects\MRS_multifibre\Examples\Walking_DeGrooteetal2016\WalkingData\subject1.osim
[2024-11-29 13:11:57.923] [warning] Couldn't find file 'treadmill.vtp'.
[2024-11-29 13:11:57.923] [warning] Couldn't find file 'sacrum.vtp'.
[2024-11-29 13:11:57.923] [warning] Couldn't find file 'pelvis.vtp'.
[2024-11-29 13:11:57.923] [warning] Couldn't find file 'l_pelvis.vtp'.
[2024-11-29 13:11:57.923] [warning] Couldn't find file 'femur.vtp'.
[2024-11-29 13:11:57.923] [warning] Couldn't find file 'tibia.vtp'.
[2024-11-29 13:11:57.924] [warning] Couldn't find file 'fibula.vtp'.
[2024-11-29 13:11:57.924] [warning] Couldn't find file 'talus.vtp'.
[2024-11-29 13:11:57.924] [warning] Couldn't find file 'foot.vtp'.
[2024-11-29 13:11:57.924] [warning] Couldn't find file 'bofoot.vtp'.
[2024-11-29 13:11:57.924] [warning] Couldn't find file 'l_femur.vtp'.
[2024-11-29 13:11:57.924] [warning] Couldn't find file 'l_tibia.vtp'.
[2024-11-29 13:11:57.924] [warning] Couldn't find file 'l_fibula.vtp'.
[2024-11-29 13:11:57.924] [warning] Couldn't find file 'l_talus.vtp'.
[2024-11-29 13:11:57.925] [warning] Couldn't find file 'l_foot.vtp'.
[2024-11-29 13:11:57.925] [warning] Couldn't find file 'l_bofoot.vtp'.
[2024-11-29 13:11:57.925] [warning] Couldn't find file 'hat_spine.vtp'.
[2024-11-29 13:11:57.925] [warning] Couldn't find file 'hat_jaw.vtp'.
[2024-11-29 13:11:57.925] [warning] Couldn't find file 'hat_skull.vtp'.
[2024-11-29 13:11:57.925] [warning] Couldn't find file 'hat_ribs.vtp'.
[2024-11-29 13:11:57.926] [info] ControllerSet 'Controllers' was renamed and is being reset to 'controllerset'.
[2024-11-29 13:11:57.928] [info] ComponentSet 'MiscComponents' was renamed and is being reset to 'componentset'.
